<?xml version="1.0" encoding="UTF-8"?>
<testng-results skipped="0" failed="0" ignored="0" total="1" passed="1">
  <reporter-output>
  </reporter-output>
  <suite name="Suite" duration-ms="109586" started-at="2021-02-02T17:41:30 IST" finished-at="2021-02-02T17:43:20 IST">
    <groups>
    </groups>
    <test name="Test" duration-ms="109586" started-at="2021-02-02T17:41:30 IST" finished-at="2021-02-02T17:43:20 IST">
      <class name="com.qa.test.GuestUserTest">
        <test-method status="PASS" signature="beforeClass()[pri:0, instance:com.qa.test.GuestUserTest@6dde5c8c]" name="beforeClass" is-config="true" duration-ms="10" started-at="2021-02-02T17:41:30 IST" finished-at="2021-02-02T17:41:30 IST">
          <reporter-output>
          </reporter-output>
        </test-method> <!-- beforeClass -->
        <test-method status="PASS" signature="beforeTest(java.lang.String, java.lang.String, java.lang.String, java.lang.String)[pri:0, instance:com.qa.test.GuestUserTest@6dde5c8c]" name="beforeTest" is-config="true" duration-ms="14867" started-at="2021-02-02T17:41:30 IST" finished-at="2021-02-02T17:41:45 IST">
          <params>
            <param index="0">
              <value>
                <![CDATA[Rafi]]>
              </value>
            </param>
            <param index="1">
              <value>
                <![CDATA[cae9aa78]]>
              </value>
            </param>
            <param index="2">
              <value>
                <![CDATA[Android]]>
              </value>
            </param>
            <param index="3">
              <value>
                <![CDATA[9.0]]>
              </value>
            </param>
          </params>
          <reporter-output>
          </reporter-output>
        </test-method> <!-- beforeTest -->
        <test-method status="PASS" signature="beforeMethod()[pri:0, instance:com.qa.test.GuestUserTest@6dde5c8c]" name="beforeMethod" is-config="true" duration-ms="925" started-at="2021-02-02T17:41:45 IST" finished-at="2021-02-02T17:41:46 IST">
          <reporter-output>
          </reporter-output>
        </test-method> <!-- beforeMethod -->
        <test-method status="PASS" signature="signInUser()[pri:1, instance:com.qa.test.GuestUserTest@6dde5c8c]" name="signInUser" duration-ms="92778" started-at="2021-02-02T17:41:46 IST" finished-at="2021-02-02T17:43:19 IST">
          <reporter-output>
          </reporter-output>
        </test-method> <!-- signInUser -->
        <test-method status="PASS" signature="afterClass()[pri:0, instance:com.qa.test.GuestUserTest@6dde5c8c]" name="afterClass" is-config="true" duration-ms="0" started-at="2021-02-02T17:43:19 IST" finished-at="2021-02-02T17:43:19 IST">
          <reporter-output>
          </reporter-output>
        </test-method> <!-- afterClass -->
        <test-method status="PASS" signature="afterTest()[pri:0, instance:com.qa.test.GuestUserTest@6dde5c8c]" name="afterTest" is-config="true" duration-ms="962" started-at="2021-02-02T17:43:19 IST" finished-at="2021-02-02T17:43:20 IST">
          <reporter-output>
          </reporter-output>
        </test-method> <!-- afterTest -->
      </class> <!-- com.qa.test.GuestUserTest -->
    </test> <!-- Test -->
  </suite> <!-- Suite -->
</testng-results>
